<?xml version="1.0" encoding="UTF-8"?>
<!-- Generated by org.testng.reporters.JUnitReportReporter -->
<testsuite skipped="0" hostname="DESKTOP-CPFBN2H" name="com.org.mavenProject.readingContentFromshoppingSite" tests="1" failures="0" timestamp="02 Sep 2017 11:17:39 GMT" time="23.700" errors="0">
  <testcase name="test1" time="23.700" classname="com.org.mavenProject.readingContentFromshoppingSite"/>
</testsuite> <!-- com.org.mavenProject.readingContentFromshoppingSite -->
