<?xml version="1.0" encoding="UTF-8"?>
<!-- Generated by org.testng.reporters.JUnitReportReporter -->
<testsuite skipped="0" hostname="DESKTOP-CPFBN2H" name="com.org.mavenProject.Test1" tests="2" failures="0" timestamp="06 May 2018 07:58:06 GMT" time="9.605" errors="0">
  <testcase name="launchUrl" time="8.808" classname="com.org.mavenProject.Test1"/>
  <testcase name="getRowValue" time="0.797" classname="com.org.mavenProject.Test1"/>
</testsuite> <!-- com.org.mavenProject.Test1 -->
