<?xml version="1.0" encoding="UTF-8"?>
<!-- Generated by org.testng.reporters.JUnitReportReporter -->
<testsuite skipped="0" hostname="DESKTOP-CPFBN2H" name="com.org.mavenProject.PHPTravel" tests="1" failures="0" timestamp="24 Mar 2018 09:18:38 GMT" time="22.430" errors="0">
  <testcase name="OrderPHPTravels" time="22.430" classname="com.org.mavenProject.PHPTravel"/>
</testsuite> <!-- com.org.mavenProject.PHPTravel -->
